TN:
SF:src/arrayUtils.ts
FN:5,(anonymous_0)
FN:6,(anonymous_1)
FN:16,(anonymous_2)
FN:17,(anonymous_3)
FN:24,(anonymous_4)
FN:25,(anonymous_5)
FN:28,(anonymous_6)
FN:33,(anonymous_7)
FN:35,(anonymous_8)
FN:45,(anonymous_9)
FN:46,(anonymous_10)
FN:47,(anonymous_11)
FN:50,(anonymous_12)
FN:51,(anonymous_13)
FN:52,(anonymous_14)
FN:55,(anonymous_15)
FN:59,(anonymous_16)
FN:70,(anonymous_17)
FN:74,(anonymous_18)
FN:85,(anonymous_19)
FN:90,(anonymous_20)
FN:99,(anonymous_21)
FN:108,(anonymous_22)
FN:116,(anonymous_23)
FN:125,(anonymous_24)
FN:134,(anonymous_25)
FN:138,(anonymous_26)
FN:142,(anonymous_27)
FN:149,(anonymous_28)
FN:150,(anonymous_29)
FN:153,(anonymous_30)
FN:155,(anonymous_31)
FN:157,(anonymous_32)
FN:166,(anonymous_33)
FN:177,(anonymous_34)
FN:181,(anonymous_35)
FN:189,(anonymous_36)
FN:200,(anonymous_37)
FN:204,(anonymous_38)
FN:204,(anonymous_39)
FN:207,(anonymous_40)
FN:214,(anonymous_41)
FN:230,(anonymous_42)
FN:231,(anonymous_43)
FN:234,(anonymous_44)
FN:238,(anonymous_45)
FN:240,(anonymous_46)
FN:246,(anonymous_47)
FN:251,(anonymous_48)
FN:261,(anonymous_49)
FN:266,(anonymous_50)
FNF:51
FNH:51
FNDA:1,(anonymous_0)
FNDA:4,(anonymous_1)
FNDA:1,(anonymous_2)
FNDA:4,(anonymous_3)
FNDA:2,(anonymous_4)
FNDA:8,(anonymous_5)
FNDA:2,(anonymous_6)
FNDA:1,(anonymous_7)
FNDA:4,(anonymous_8)
FNDA:1,(anonymous_9)
FNDA:3,(anonymous_10)
FNDA:3,(anonymous_11)
FNDA:1,(anonymous_12)
FNDA:3,(anonymous_13)
FNDA:3,(anonymous_14)
FNDA:1,(anonymous_15)
FNDA:4,(anonymous_16)
FNDA:1,(anonymous_17)
FNDA:5,(anonymous_18)
FNDA:2,(anonymous_19)
FNDA:2,(anonymous_20)
FNDA:1,(anonymous_21)
FNDA:1,(anonymous_22)
FNDA:4,(anonymous_23)
FNDA:4,(anonymous_24)
FNDA:2,(anonymous_25)
FNDA:2,(anonymous_26)
FNDA:3,(anonymous_27)
FNDA:1,(anonymous_28)
FNDA:5,(anonymous_29)
FNDA:1,(anonymous_30)
FNDA:1,(anonymous_31)
FNDA:2,(anonymous_32)
FNDA:2,(anonymous_33)
FNDA:1,(anonymous_34)
FNDA:3,(anonymous_35)
FNDA:1,(anonymous_36)
FNDA:1,(anonymous_37)
FNDA:3,(anonymous_38)
FNDA:3,(anonymous_39)
FNDA:1,(anonymous_40)
FNDA:2,(anonymous_41)
FNDA:4,(anonymous_42)
FNDA:8,(anonymous_43)
FNDA:2,(anonymous_44)
FNDA:5,(anonymous_45)
FNDA:18,(anonymous_46)
FNDA:2,(anonymous_47)
FNDA:3,(anonymous_48)
FNDA:2,(anonymous_49)
FNDA:3,(anonymous_50)
DA:5,1
DA:6,1
DA:7,4
DA:8,4
DA:9,2
DA:11,4
DA:12,4
DA:16,1
DA:17,1
DA:18,4
DA:19,4
DA:20,4
DA:24,1
DA:25,8
DA:28,1
DA:29,2
DA:30,1
DA:33,1
DA:34,1
DA:35,1
DA:36,4
DA:37,4
DA:38,1
DA:40,3
DA:41,3
DA:45,1
DA:46,3
DA:47,3
DA:50,1
DA:51,3
DA:52,3
DA:55,1
DA:56,1
DA:57,1
DA:59,1
DA:60,4
DA:61,4
DA:62,3
DA:63,3
DA:67,1
DA:70,1
DA:71,1
DA:72,1
DA:74,1
DA:75,5
DA:76,2
DA:78,3
DA:82,1
DA:85,1
DA:86,2
DA:87,1
DA:90,1
DA:91,2
DA:92,2
DA:93,6
DA:94,6
DA:96,2
DA:99,1
DA:100,1
DA:101,1
DA:102,4
DA:103,3
DA:105,1
DA:108,1
DA:109,1
DA:110,1
DA:111,3
DA:113,1
DA:116,1
DA:117,4
DA:118,8
DA:119,2
DA:122,2
DA:125,1
DA:126,4
DA:127,6
DA:128,2
DA:131,2
DA:134,1
DA:135,2
DA:138,1
DA:139,2
DA:142,1
DA:143,3
DA:144,1
DA:146,2
DA:149,1
DA:150,5
DA:153,1
DA:154,1
DA:155,1
DA:157,1
DA:158,2
DA:159,2
DA:163,1
DA:166,1
DA:167,2
DA:168,2
DA:170,2
DA:171,5
DA:174,2
DA:177,1
DA:178,1
DA:179,1
DA:181,1
DA:182,3
DA:183,3
DA:186,1
DA:189,1
DA:190,1
DA:191,1
DA:193,1
DA:194,3
DA:197,1
DA:200,1
DA:201,1
DA:202,1
DA:204,3
DA:207,1
DA:208,1
DA:209,1
DA:210,1
DA:211,1
DA:214,1
DA:215,2
DA:216,1
DA:217,1
DA:218,1
DA:220,1
DA:221,3
DA:222,3
DA:223,6
DA:227,1
DA:230,1
DA:231,8
DA:234,1
DA:235,2
DA:238,1
DA:239,5
DA:240,5
DA:241,18
DA:243,5
DA:246,1
DA:247,2
DA:248,2
DA:251,2
DA:252,3
DA:253,3
DA:254,3
DA:258,2
DA:261,1
DA:262,2
DA:263,2
DA:266,2
DA:267,3
DA:268,1
DA:269,1
DA:273,2
LF:158
LH:158
BRDA:8,0,0,2
BRDA:19,1,0,4
BRDA:19,1,1,2
BRDA:29,2,0,1
BRDA:37,3,0,1
BRDA:61,4,0,3
BRDA:75,5,0,2
BRDA:75,5,1,3
BRDA:86,6,0,1
BRDA:102,7,0,1
BRDA:110,8,0,4
BRDA:110,8,1,4
BRDA:118,9,0,2
BRDA:127,10,0,2
BRDA:143,11,0,1
BRDA:158,12,0,2
BRDA:158,13,0,2
BRDA:158,13,1,2
BRDA:215,14,0,1
BRDA:241,15,0,18
BRDA:241,15,1,9
BRDA:252,16,0,3
BRDA:267,17,0,1
BRF:23
BRH:23
end_of_record
TN:
SF:src/colorUtils.ts
FN:23,(anonymous_0)
FN:47,(anonymous_1)
FN:48,(anonymous_2)
FN:57,(anonymous_3)
FN:96,(anonymous_4)
FN:101,(anonymous_5)
FN:129,(anonymous_6)
FN:167,(anonymous_7)
FN:211,(anonymous_8)
FN:222,(anonymous_9)
FN:233,(anonymous_10)
FN:244,(anonymous_11)
FN:255,(anonymous_12)
FN:266,(anonymous_13)
FN:280,(anonymous_14)
FN:294,(anonymous_15)
FN:314,(anonymous_16)
FN:330,(anonymous_17)
FN:331,(anonymous_18)
FN:335,(anonymous_19)
FN:351,(anonymous_20)
FN:359,(anonymous_21)
FN:363,(anonymous_22)
FN:370,(anonymous_23)
FN:377,(anonymous_24)
FNF:25
FNH:25
FNDA:61,(anonymous_0)
FNDA:46,(anonymous_1)
FNDA:138,(anonymous_2)
FNDA:19,(anonymous_3)
FNDA:34,(anonymous_4)
FNDA:84,(anonymous_5)
FNDA:5,(anonymous_6)
FNDA:5,(anonymous_7)
FNDA:3,(anonymous_8)
FNDA:3,(anonymous_9)
FNDA:2,(anonymous_10)
FNDA:2,(anonymous_11)
FNDA:3,(anonymous_12)
FNDA:3,(anonymous_13)
FNDA:2,(anonymous_14)
FNDA:2,(anonymous_15)
FNDA:3,(anonymous_16)
FNDA:3,(anonymous_17)
FNDA:6,(anonymous_18)
FNDA:15,(anonymous_19)
FNDA:17,(anonymous_20)
FNDA:8,(anonymous_21)
FNDA:3,(anonymous_22)
FNDA:6,(anonymous_23)
FNDA:6,(anonymous_24)
DA:23,2
DA:25,61
DA:26,61
DA:27,45
DA:35,16
DA:36,16
DA:37,1
DA:44,15
DA:47,2
DA:48,46
DA:49,138
DA:50,138
DA:51,138
DA:54,46
DA:57,2
DA:58,19
DA:59,19
DA:60,19
DA:62,19
DA:63,19
DA:65,19
DA:67,19
DA:68,7
DA:70,12
DA:71,12
DA:73,12
DA:75,10
DA:76,10
DA:78,1
DA:79,1
DA:81,1
DA:82,1
DA:84,0
DA:86,12
DA:89,19
DA:96,2
DA:97,34
DA:98,34
DA:99,34
DA:101,34
DA:102,84
DA:103,84
DA:104,84
DA:105,64
DA:106,36
DA:107,30
DA:112,34
DA:113,6
DA:115,28
DA:116,28
DA:117,28
DA:118,28
DA:119,28
DA:122,34
DA:129,2
DA:130,5
DA:131,5
DA:132,5
DA:134,5
DA:135,5
DA:136,5
DA:139,5
DA:140,5
DA:142,5
DA:143,2
DA:145,3
DA:147,1
DA:148,1
DA:150,1
DA:151,1
DA:153,1
DA:154,1
DA:156,0
DA:160,5
DA:167,2
DA:168,5
DA:169,5
DA:170,5
DA:172,5
DA:173,5
DA:174,5
DA:178,5
DA:179,3
DA:180,3
DA:181,3
DA:182,2
DA:183,0
DA:184,0
DA:185,0
DA:186,2
DA:187,1
DA:188,1
DA:189,1
DA:190,1
DA:191,0
DA:192,0
DA:193,0
DA:194,1
DA:195,1
DA:196,1
DA:197,1
DA:199,0
DA:200,0
DA:201,0
DA:204,5
DA:211,2
DA:212,3
DA:213,3
DA:215,2
DA:216,2
DA:218,2
DA:219,2
DA:222,2
DA:223,3
DA:224,3
DA:226,2
DA:227,2
DA:229,2
DA:230,2
DA:233,2
DA:234,2
DA:235,2
DA:237,1
DA:238,1
DA:240,1
DA:241,1
DA:244,2
DA:245,2
DA:246,2
DA:248,1
DA:249,1
DA:251,1
DA:252,1
DA:255,2
DA:256,3
DA:257,3
DA:259,2
DA:260,2
DA:262,2
DA:263,2
DA:266,2
DA:267,3
DA:268,3
DA:270,2
DA:272,2
DA:273,2
DA:275,2
DA:277,2
DA:280,2
DA:281,2
DA:282,2
DA:284,1
DA:286,1
DA:287,1
DA:289,1
DA:291,1
DA:294,2
DA:295,2
DA:296,2
DA:298,1
DA:300,1
DA:301,1
DA:302,1
DA:304,1
DA:311,1
DA:314,2
DA:315,3
DA:316,3
DA:318,2
DA:319,2
DA:321,2
DA:322,12
DA:323,12
DA:324,12
DA:327,2
DA:330,2
DA:331,3
DA:332,6
DA:333,6
DA:335,5
DA:336,15
DA:337,15
DA:340,5
DA:343,3
DA:344,3
DA:345,3
DA:346,3
DA:348,3
DA:351,2
DA:352,17
DA:353,17
DA:355,16
DA:356,16
DA:359,2
DA:360,8
DA:363,2
DA:364,3
DA:365,3
DA:366,3
DA:367,3
DA:370,2
DA:371,6
DA:372,3
DA:374,3
DA:377,2
DA:378,6
DA:379,3
DA:381,3
LF:208
LH:197
BRDA:26,0,0,45
BRDA:36,1,0,1
BRDA:51,2,0,52
BRDA:51,2,1,86
BRDA:67,3,0,7
BRDA:67,3,1,12
BRDA:71,4,0,0
BRDA:71,4,1,12
BRDA:73,5,0,10
BRDA:73,5,1,1
BRDA:73,5,2,1
BRDA:73,5,3,0
BRDA:75,6,0,0
BRDA:75,6,1,10
BRDA:102,7,0,18
BRDA:103,8,0,3
BRDA:104,9,0,20
BRDA:105,10,0,28
BRDA:106,11,0,6
BRDA:112,12,0,6
BRDA:112,12,1,28
BRDA:115,13,0,5
BRDA:115,13,1,23
BRDA:139,14,0,1
BRDA:139,14,1,4
BRDA:142,15,0,2
BRDA:142,15,1,3
BRDA:145,16,0,1
BRDA:145,16,1,1
BRDA:145,16,2,1
BRDA:145,16,3,0
BRDA:147,17,0,0
BRDA:147,17,1,1
BRDA:178,18,0,3
BRDA:178,18,1,2
BRDA:182,19,0,0
BRDA:182,19,1,2
BRDA:186,20,0,1
BRDA:186,20,1,1
BRDA:190,21,0,0
BRDA:190,21,1,1
BRDA:194,22,0,1
BRDA:194,22,1,0
BRDA:213,23,0,1
BRDA:224,24,0,1
BRDA:235,25,0,1
BRDA:246,26,0,1
BRDA:257,27,0,1
BRDA:266,28,0,2
BRDA:268,29,0,1
BRDA:282,30,0,1
BRDA:296,31,0,1
BRDA:314,32,0,2
BRDA:316,33,0,1
BRDA:333,34,0,1
BRDA:337,35,0,10
BRDA:337,35,1,5
BRDA:353,36,0,1
BRDA:371,37,0,3
BRDA:378,38,0,3
BRF:60
BRH:52
end_of_record
TN:
SF:src/fileUtils.ts
FN:5,(anonymous_0)
FN:15,(anonymous_1)
FN:20,(anonymous_2)
FN:27,(anonymous_3)
FN:32,(anonymous_4)
FN:38,(anonymous_5)
FN:44,(anonymous_6)
FN:50,(anonymous_7)
FN:56,(anonymous_8)
FN:62,(anonymous_9)
FN:98,(anonymous_10)
FN:158,(anonymous_11)
FN:176,(anonymous_12)
FN:177,(anonymous_13)
FN:179,(anonymous_14)
FN:180,(anonymous_15)
FN:185,(anonymous_16)
FN:186,(anonymous_17)
FN:188,(anonymous_18)
FN:189,(anonymous_19)
FN:194,(anonymous_20)
FN:195,(anonymous_21)
FN:197,(anonymous_22)
FN:198,(anonymous_23)
FN:203,(anonymous_24)
FN:205,(anonymous_25)
FN:208,(anonymous_26)
FN:212,(anonymous_27)
FN:224,(anonymous_28)
FN:233,(anonymous_29)
FN:264,(anonymous_30)
FN:266,(anonymous_31)
FN:268,(anonymous_32)
FN:281,(anonymous_33)
FN:287,(anonymous_34)
FN:292,(anonymous_35)
FN:312,(anonymous_36)
FN:324,(anonymous_37)
FNF:38
FNH:34
FNDA:7,(anonymous_0)
FNDA:59,(anonymous_1)
FNDA:5,(anonymous_2)
FNDA:10,(anonymous_3)
FNDA:7,(anonymous_4)
FNDA:7,(anonymous_5)
FNDA:7,(anonymous_6)
FNDA:7,(anonymous_7)
FNDA:6,(anonymous_8)
FNDA:8,(anonymous_9)
FNDA:7,(anonymous_10)
FNDA:2,(anonymous_11)
FNDA:1,(anonymous_12)
FNDA:1,(anonymous_13)
FNDA:1,(anonymous_14)
FNDA:0,(anonymous_15)
FNDA:1,(anonymous_16)
FNDA:1,(anonymous_17)
FNDA:1,(anonymous_18)
FNDA:0,(anonymous_19)
FNDA:1,(anonymous_20)
FNDA:1,(anonymous_21)
FNDA:1,(anonymous_22)
FNDA:0,(anonymous_23)
FNDA:4,(anonymous_24)
FNDA:8,(anonymous_25)
FNDA:3,(anonymous_26)
FNDA:5,(anonymous_27)
FNDA:6,(anonymous_28)
FNDA:4,(anonymous_29)
FNDA:3,(anonymous_30)
FNDA:9,(anonymous_31)
FNDA:21,(anonymous_32)
FNDA:2,(anonymous_33)
FNDA:2,(anonymous_34)
FNDA:2,(anonymous_35)
FNDA:2,(anonymous_36)
FNDA:0,(anonymous_37)
DA:5,1
DA:6,7
DA:8,6
DA:9,6
DA:10,6
DA:12,6
DA:15,1
DA:16,59
DA:17,59
DA:20,1
DA:21,5
DA:22,4
DA:23,4
DA:24,4
DA:27,1
DA:28,10
DA:29,10
DA:32,1
DA:33,7
DA:34,7
DA:35,7
DA:38,1
DA:39,7
DA:40,7
DA:41,7
DA:44,1
DA:45,7
DA:46,7
DA:47,7
DA:50,1
DA:51,7
DA:52,7
DA:53,7
DA:56,1
DA:57,6
DA:58,6
DA:59,6
DA:62,1
DA:63,8
DA:94,8
DA:95,8
DA:98,1
DA:99,7
DA:101,7
DA:155,7
DA:158,1
DA:160,2
DA:166,2
DA:167,2
DA:168,2
DA:169,2
DA:170,2
DA:171,2
DA:172,2
DA:173,2
DA:176,1
DA:177,1
DA:178,1
DA:179,1
DA:180,1
DA:181,1
DA:185,1
DA:186,1
DA:187,1
DA:188,1
DA:189,1
DA:190,1
DA:194,1
DA:195,1
DA:196,1
DA:197,1
DA:198,1
DA:199,1
DA:203,1
DA:204,4
DA:205,8
DA:208,1
DA:209,3
DA:212,1
DA:213,5
DA:214,5
DA:215,5
DA:216,5
DA:217,5
DA:219,5
DA:224,1
DA:226,6
DA:233,1
DA:234,4
DA:235,4
DA:237,4
DA:238,14
DA:240,11
DA:241,11
DA:242,11
DA:244,11
DA:245,153
DA:247,153
DA:248,4
DA:249,149
DA:250,17
DA:251,17
DA:253,132
DA:257,11
DA:258,11
DA:261,4
DA:264,1
DA:265,3
DA:267,9
DA:269,21
DA:271,21
DA:272,3
DA:274,18
DA:281,1
DA:287,2
DA:288,2
DA:289,2
DA:290,2
DA:292,2
DA:294,2
DA:296,2
DA:297,1
DA:298,1
DA:301,2
DA:302,0
DA:303,0
DA:306,2
DA:307,2
DA:310,2
DA:311,2
DA:313,2
DA:314,2
DA:316,0
DA:324,2
DA:325,2
LF:135
LH:132
BRDA:6,0,0,1
BRDA:17,1,0,56
BRDA:17,1,1,3
BRDA:21,2,0,1
BRDA:24,3,0,4
BRDA:24,3,1,1
BRDA:29,4,0,7
BRDA:29,4,1,3
BRDA:155,5,0,7
BRDA:155,5,1,1
BRDA:160,6,0,1
BRDA:160,6,1,1
BRDA:163,7,0,1
BRDA:163,7,1,1
BRDA:216,8,0,4
BRDA:216,8,1,1
BRDA:219,9,0,4
BRDA:219,9,1,1
BRDA:233,10,0,3
BRDA:238,11,0,3
BRDA:247,12,0,4
BRDA:247,12,1,149
BRDA:249,13,0,17
BRDA:249,13,1,132
BRDA:249,14,0,149
BRDA:249,14,1,18
BRDA:264,15,0,2
BRDA:271,16,0,3
BRDA:271,17,0,21
BRDA:271,17,1,20
BRDA:271,17,2,19
BRDA:283,18,0,1
BRDA:284,19,0,1
BRDA:285,20,0,1
BRDA:296,21,0,1
BRDA:301,22,0,0
BRDA:310,23,0,0
BRDA:310,23,1,2
BRDA:310,24,0,2
BRDA:310,24,1,2
BRDA:313,25,0,2
BRDA:313,25,1,0
BRF:42
BRH:39
end_of_record
TN:
SF:src/imageUtils.ts
FN:2,(anonymous_0)
FN:4,(anonymous_1)
FN:9,(anonymous_2)
FN:10,(anonymous_3)
FN:12,(anonymous_4)
FN:18,(anonymous_5)
FN:19,(anonymous_6)
FN:22,(anonymous_7)
FN:38,(anonymous_8)
FN:39,(anonymous_9)
FN:42,(anonymous_10)
FN:69,(anonymous_11)
FN:74,(anonymous_12)
FN:79,(anonymous_13)
FN:93,(anonymous_14)
FN:109,(anonymous_15)
FN:127,(anonymous_16)
FN:132,(anonymous_17)
FN:137,(anonymous_18)
FN:143,(anonymous_19)
FN:147,(anonymous_20)
FN:153,(anonymous_21)
FN:157,(anonymous_22)
FN:186,(anonymous_23)
FN:190,(anonymous_24)
FN:194,(anonymous_25)
FN:198,(anonymous_26)
FN:202,(anonymous_27)
FN:216,(anonymous_28)
FN:224,(anonymous_29)
FN:228,(anonymous_30)
FN:233,(anonymous_31)
FN:242,(anonymous_32)
FN:256,(anonymous_33)
FN:285,(anonymous_34)
FNF:35
FNH:35
FNDA:1,(anonymous_0)
FNDA:21,(anonymous_1)
FNDA:2,(anonymous_2)
FNDA:2,(anonymous_3)
FNDA:1,(anonymous_4)
FNDA:2,(anonymous_5)
FNDA:2,(anonymous_6)
FNDA:1,(anonymous_7)
FNDA:2,(anonymous_8)
FNDA:2,(anonymous_9)
FNDA:1,(anonymous_10)
FNDA:27,(anonymous_11)
FNDA:6,(anonymous_12)
FNDA:10,(anonymous_13)
FNDA:16,(anonymous_14)
FNDA:6,(anonymous_15)
FNDA:10,(anonymous_16)
FNDA:6,(anonymous_17)
FNDA:3,(anonymous_18)
FNDA:3,(anonymous_19)
FNDA:4,(anonymous_20)
FNDA:8,(anonymous_21)
FNDA:4,(anonymous_22)
FNDA:4,(anonymous_23)
FNDA:4,(anonymous_24)
FNDA:4,(anonymous_25)
FNDA:6,(anonymous_26)
FNDA:5,(anonymous_27)
FNDA:6,(anonymous_28)
FNDA:5,(anonymous_29)
FNDA:5,(anonymous_30)
FNDA:3,(anonymous_31)
FNDA:6,(anonymous_32)
FNDA:2,(anonymous_33)
FNDA:1,(anonymous_34)
DA:2,1
DA:3,1
DA:4,21
DA:5,1
DA:6,1
DA:9,1
DA:10,2
DA:11,2
DA:12,2
DA:13,2
DA:14,2
DA:18,1
DA:19,2
DA:20,2
DA:21,2
DA:22,2
DA:23,1
DA:24,1
DA:25,1
DA:26,1
DA:27,1
DA:28,0
DA:29,0
DA:31,1
DA:34,2
DA:38,1
DA:39,2
DA:40,2
DA:41,2
DA:42,2
DA:43,1
DA:44,1
DA:45,1
DA:46,1
DA:47,1
DA:48,0
DA:49,0
DA:50,0
DA:51,0
DA:52,0
DA:53,0
DA:54,0
DA:56,0
DA:57,0
DA:59,1
DA:62,2
DA:69,1
DA:70,27
DA:71,27
DA:74,1
DA:75,6
DA:76,6
DA:79,1
DA:80,10
DA:90,10
DA:93,1
DA:94,16
DA:106,16
DA:109,1
DA:110,6
DA:111,6
DA:112,5
DA:113,5
DA:114,5
DA:118,5
DA:120,5
DA:122,1
DA:127,1
DA:128,10
DA:129,10
DA:132,1
DA:133,6
DA:134,6
DA:137,1
DA:138,3
DA:139,2
DA:140,2
DA:143,1
DA:144,3
DA:147,1
DA:148,4
DA:149,4
DA:153,1
DA:154,8
DA:157,1
DA:163,4
DA:165,4
DA:166,1
DA:172,3
DA:173,1
DA:179,2
DA:180,1
DA:183,1
DA:186,1
DA:187,4
DA:190,1
DA:191,4
DA:194,1
DA:195,4
DA:198,1
DA:199,6
DA:202,1
DA:208,5
DA:216,1
DA:217,6
DA:218,5
DA:219,5
DA:220,5
DA:221,5
DA:224,1
DA:225,5
DA:228,1
DA:229,5
DA:233,1
DA:234,3
DA:235,3
DA:237,3
DA:238,2
DA:239,1
DA:242,1
DA:246,6
DA:248,6
DA:249,4
DA:250,3
DA:251,2
DA:252,1
DA:256,1
DA:262,2
DA:263,2
DA:265,2
DA:266,4
DA:267,8
DA:270,8
DA:271,4
DA:273,4
DA:276,8
DA:277,32
DA:282,2
DA:285,1
DA:290,1
DA:291,1
DA:293,1
DA:294,2
DA:295,4
DA:296,4
DA:298,4
DA:299,16
DA:304,1
LF:148
LH:137
BRDA:27,0,0,0
BRDA:27,0,1,1
BRDA:47,1,0,0
BRDA:47,1,1,1
BRDA:75,2,0,0
BRDA:75,2,1,6
BRDA:75,3,0,6
BRDA:75,3,1,6
BRDA:76,4,0,4
BRDA:76,4,1,2
BRDA:76,5,0,6
BRDA:76,5,1,6
BRDA:90,6,0,10
BRDA:90,6,1,1
BRDA:106,7,0,16
BRDA:106,7,1,2
BRDA:118,8,0,5
BRDA:118,8,1,4
BRDA:120,9,0,3
BRDA:120,9,1,2
BRDA:134,10,0,5
BRDA:134,10,1,1
BRDA:138,11,0,1
BRDA:144,12,0,2
BRDA:144,12,1,1
BRDA:149,13,0,3
BRDA:149,13,1,1
BRDA:165,14,0,1
BRDA:165,15,0,4
BRDA:165,15,1,2
BRDA:172,16,0,1
BRDA:172,17,0,3
BRDA:172,17,1,2
BRDA:179,18,0,1
BRDA:179,19,0,2
BRDA:179,19,1,1
BRDA:217,20,0,1
BRDA:237,21,0,1
BRDA:238,22,0,1
BRDA:248,23,0,2
BRDA:249,24,0,1
BRDA:250,25,0,1
BRDA:251,26,0,1
BRDA:270,27,0,4
BRDA:270,27,1,4
BRF:45
BRH:42
end_of_record
TN:
SF:src/numberUtils.ts
FN:5,(anonymous_0)
FN:9,(anonymous_1)
FN:13,(anonymous_2)
FN:17,(anonymous_3)
FN:22,(anonymous_4)
FN:26,(anonymous_5)
FN:30,(anonymous_6)
FN:34,(anonymous_7)
FN:42,(anonymous_8)
FN:48,(anonymous_9)
FN:53,(anonymous_10)
FN:57,(anonymous_11)
FN:61,(anonymous_12)
FN:65,(anonymous_13)
FN:69,(anonymous_14)
FN:74,(anonymous_15)
FN:75,(anonymous_16)
FN:80,(anonymous_17)
FN:84,(anonymous_18)
FN:90,(anonymous_19)
FN:94,(anonymous_20)
FN:95,(anonymous_21)
FN:98,(anonymous_22)
FN:99,(anonymous_23)
FN:102,(anonymous_24)
FN:106,(anonymous_25)
FN:110,(anonymous_26)
FN:114,(anonymous_27)
FN:116,(anonymous_28)
FN:120,(anonymous_29)
FN:122,(anonymous_30)
FN:126,(anonymous_31)
FN:130,(anonymous_32)
FN:134,(anonymous_33)
FN:138,(anonymous_34)
FN:145,(anonymous_35)
FN:151,(anonymous_36)
FN:155,(anonymous_37)
FN:159,(anonymous_38)
FNF:39
FNH:35
FNDA:3,(anonymous_0)
FNDA:1,(anonymous_1)
FNDA:1,(anonymous_2)
FNDA:3,(anonymous_3)
FNDA:2,(anonymous_4)
FNDA:3,(anonymous_5)
FNDA:3,(anonymous_6)
FNDA:6,(anonymous_7)
FNDA:10,(anonymous_8)
FNDA:204,(anonymous_9)
FNDA:22,(anonymous_10)
FNDA:2,(anonymous_11)
FNDA:3,(anonymous_12)
FNDA:2,(anonymous_13)
FNDA:7,(anonymous_14)
FNDA:3,(anonymous_15)
FNDA:11,(anonymous_16)
FNDA:2,(anonymous_17)
FNDA:10,(anonymous_18)
FNDA:5,(anonymous_19)
FNDA:9,(anonymous_20)
FNDA:45,(anonymous_21)
FNDA:0,(anonymous_22)
FNDA:0,(anonymous_23)
FNDA:4,(anonymous_24)
FNDA:4,(anonymous_25)
FNDA:2,(anonymous_26)
FNDA:1,(anonymous_27)
FNDA:8,(anonymous_28)
FNDA:1,(anonymous_29)
FNDA:8,(anonymous_30)
FNDA:2,(anonymous_31)
FNDA:2,(anonymous_32)
FNDA:1,(anonymous_33)
FNDA:0,(anonymous_34)
FNDA:0,(anonymous_35)
FNDA:3,(anonymous_36)
FNDA:2,(anonymous_37)
FNDA:5,(anonymous_38)
DA:5,1
DA:6,3
DA:9,1
DA:10,1
DA:13,1
DA:14,1
DA:17,1
DA:18,3
DA:19,3
DA:22,1
DA:23,2
DA:26,1
DA:27,3
DA:30,1
DA:31,3
DA:34,1
DA:35,6
DA:36,4
DA:37,4
DA:39,3
DA:42,1
DA:43,10
DA:44,9
DA:45,6
DA:48,1
DA:49,204
DA:50,100
DA:53,1
DA:54,22
DA:57,1
DA:58,2
DA:61,1
DA:62,3
DA:65,1
DA:66,2
DA:69,1
DA:70,7
DA:71,6
DA:74,1
DA:75,11
DA:76,3
DA:77,3
DA:80,1
DA:81,2
DA:82,2
DA:84,2
DA:85,10
DA:86,10
DA:89,2
DA:90,5
DA:94,1
DA:95,45
DA:98,1
DA:99,0
DA:102,1
DA:103,4
DA:106,1
DA:107,4
DA:110,1
DA:111,2
DA:114,1
DA:115,1
DA:116,8
DA:117,1
DA:120,1
DA:121,1
DA:122,8
DA:123,1
DA:126,1
DA:127,2
DA:130,1
DA:131,2
DA:134,1
DA:135,1
DA:138,1
DA:139,0
DA:145,1
DA:146,0
DA:151,1
DA:152,3
DA:155,1
DA:156,2
DA:159,1
DA:160,5
LF:84
LH:81
BRDA:17,0,0,1
BRDA:35,1,0,2
BRDA:37,2,0,1
BRDA:43,3,0,1
BRDA:44,4,0,3
BRDA:49,5,0,104
BRDA:54,6,0,5
BRDA:54,6,1,17
BRDA:70,7,0,1
BRDA:77,8,0,2
BRDA:77,8,1,1
BRDA:85,9,0,10
BRDA:85,9,1,5
BRDA:134,10,0,1
BRDA:138,11,0,0
BRDA:138,12,0,0
BRDA:145,13,0,0
BRDA:160,14,0,5
BRDA:160,14,1,4
BRF:19
BRH:16
end_of_record
TN:
SF:src/objectUtils.ts
FN:5,(anonymous_0)
FN:8,(anonymous_1)
FN:21,(anonymous_2)
FN:40,(anonymous_3)
FN:42,(anonymous_4)
FN:50,(anonymous_5)
FN:52,(anonymous_6)
FN:58,(anonymous_7)
FN:72,(anonymous_8)
FN:87,(anonymous_9)
FN:101,(anonymous_10)
FN:108,(anonymous_11)
FN:115,(anonymous_12)
FN:122,(anonymous_13)
FN:128,(anonymous_14)
FN:132,(anonymous_15)
FN:136,(anonymous_16)
FN:140,(anonymous_17)
FN:144,(anonymous_18)
FN:157,(anonymous_19)
FN:171,(anonymous_20)
FN:181,(anonymous_21)
FN:182,(anonymous_22)
FN:192,(anonymous_23)
FN:193,(anonymous_24)
FN:200,(anonymous_25)
FN:201,(anonymous_26)
FN:208,(anonymous_27)
FN:211,flattenRecursive
FN:228,(anonymous_29)
FN:241,(anonymous_30)
FNF:31
FNH:31
FNDA:21,(anonymous_0)
FNDA:4,(anonymous_1)
FNDA:2,(anonymous_2)
FNDA:1,(anonymous_3)
FNDA:2,(anonymous_4)
FNDA:1,(anonymous_5)
FNDA:1,(anonymous_6)
FNDA:6,(anonymous_7)
FNDA:3,(anonymous_8)
FNDA:3,(anonymous_9)
FNDA:6,(anonymous_10)
FNDA:24,(anonymous_11)
FNDA:6,(anonymous_12)
FNDA:6,(anonymous_13)
FNDA:1,(anonymous_14)
FNDA:1,(anonymous_15)
FNDA:1,(anonymous_16)
FNDA:1,(anonymous_17)
FNDA:1,(anonymous_18)
FNDA:1,(anonymous_19)
FNDA:1,(anonymous_20)
FNDA:1,(anonymous_21)
FNDA:3,(anonymous_22)
FNDA:1,(anonymous_23)
FNDA:6,(anonymous_24)
FNDA:1,(anonymous_25)
FNDA:2,(anonymous_26)
FNDA:1,(anonymous_27)
FNDA:3,flattenRecursive
FNDA:1,(anonymous_29)
FNDA:20,(anonymous_30)
DA:5,1
DA:6,21
DA:7,6
DA:8,6
DA:9,4
DA:10,4
DA:11,4
DA:12,12
DA:13,12
DA:16,4
DA:18,0
DA:21,1
DA:22,2
DA:24,2
DA:25,3
DA:26,3
DA:27,3
DA:29,3
DA:30,1
DA:32,2
DA:37,2
DA:40,1
DA:41,1
DA:42,1
DA:43,2
DA:44,2
DA:47,1
DA:50,1
DA:51,1
DA:52,1
DA:53,1
DA:55,1
DA:58,1
DA:59,6
DA:60,6
DA:62,6
DA:63,11
DA:64,2
DA:66,9
DA:69,4
DA:72,1
DA:73,3
DA:74,3
DA:76,3
DA:77,3
DA:78,3
DA:79,2
DA:81,3
DA:84,3
DA:87,1
DA:88,3
DA:89,3
DA:91,3
DA:92,5
DA:93,1
DA:95,4
DA:98,2
DA:101,1
DA:102,6
DA:103,6
DA:104,2
DA:105,2
DA:108,1
DA:109,24
DA:110,14
DA:111,11
DA:113,10
DA:114,3
DA:115,6
DA:118,7
DA:119,4
DA:120,4
DA:121,4
DA:122,6
DA:125,3
DA:128,1
DA:129,1
DA:132,1
DA:133,1
DA:136,1
DA:137,1
DA:140,1
DA:141,1
DA:144,1
DA:148,1
DA:149,1
DA:150,2
DA:151,2
DA:154,1
DA:157,1
DA:161,1
DA:162,1
DA:163,2
DA:164,2
DA:165,2
DA:168,1
DA:171,1
DA:172,1
DA:173,1
DA:174,3
DA:175,3
DA:178,1
DA:181,1
DA:182,1
DA:183,3
DA:184,3
DA:185,2
DA:187,3
DA:188,3
DA:192,1
DA:193,1
DA:194,6
DA:195,6
DA:196,6
DA:200,1
DA:201,1
DA:202,2
DA:203,2
DA:204,2
DA:208,1
DA:209,1
DA:212,3
DA:213,4
DA:214,4
DA:215,4
DA:216,2
DA:218,2
DA:224,1
DA:225,1
DA:228,1
DA:229,1
DA:231,1
DA:232,2
DA:233,2
DA:237,1
DA:241,1
DA:242,20
LF:137
LH:136
BRDA:6,0,0,15
BRDA:6,1,0,21
BRDA:6,1,1,20
BRDA:7,2,0,0
BRDA:8,3,0,2
BRDA:9,4,0,4
BRDA:12,5,0,12
BRDA:25,6,0,3
BRDA:29,7,0,1
BRDA:29,7,1,2
BRDA:29,8,0,3
BRDA:29,8,1,1
BRDA:43,9,0,2
BRDA:63,10,0,2
BRDA:63,11,0,11
BRDA:63,11,1,9
BRDA:69,12,0,3
BRDA:69,12,1,1
BRDA:78,13,0,2
BRDA:78,14,0,3
BRDA:78,14,1,1
BRDA:92,15,0,1
BRDA:92,16,0,5
BRDA:92,16,1,5
BRDA:92,16,2,5
BRDA:102,17,0,0
BRDA:103,18,0,4
BRDA:103,19,0,6
BRDA:103,19,1,4
BRDA:104,20,0,0
BRDA:104,21,0,2
BRDA:104,21,1,2
BRDA:109,22,0,10
BRDA:110,23,0,3
BRDA:110,24,0,14
BRDA:110,24,1,11
BRDA:111,25,0,1
BRDA:113,26,0,3
BRDA:113,27,0,10
BRDA:113,27,1,3
BRDA:114,28,0,1
BRDA:118,29,0,4
BRDA:118,30,0,7
BRDA:118,30,1,5
BRDA:121,31,0,0
BRDA:150,32,0,2
BRDA:163,33,0,2
BRDA:174,34,0,3
BRDA:184,35,0,2
BRDA:195,36,0,6
BRDA:195,36,1,3
BRDA:208,37,0,1
BRDA:211,38,0,1
BRDA:213,39,0,4
BRDA:214,40,0,2
BRDA:214,40,1,2
BRDA:215,41,0,2
BRDA:215,41,1,2
BRDA:228,42,0,1
BRDA:232,43,0,2
BRDA:242,44,0,20
BRDA:242,44,1,20
BRDA:242,44,2,14
BRF:63
BRH:59
end_of_record
TN:
SF:src/searchUtils.ts
FN:1,(anonymous_0)
FN:2,(anonymous_1)
FN:5,(anonymous_2)
FN:6,(anonymous_3)
FN:6,(anonymous_4)
FN:9,(anonymous_5)
FNF:6
FNH:6
FNDA:1,(anonymous_0)
FNDA:2,(anonymous_1)
FNDA:1,(anonymous_2)
FNDA:2,(anonymous_3)
FNDA:4,(anonymous_4)
FNDA:1,(anonymous_5)
DA:1,1
DA:2,2
DA:5,1
DA:6,4
DA:9,1
DA:10,1
LF:6
LH:6
BRDA:2,0,0,0
BRDA:2,0,1,2
BRDA:2,1,0,2
BRDA:2,1,1,2
BRDA:6,2,0,0
BRDA:6,2,1,4
BRDA:6,3,0,4
BRDA:6,3,1,4
BRF:8
BRH:6
end_of_record
TN:
SF:src/sortUtils.ts
FN:1,(anonymous_0)
FN:2,(anonymous_1)
FN:9,(anonymous_2)
FN:10,(anonymous_3)
FN:19,(anonymous_4)
FN:48,(anonymous_5)
FN:49,(anonymous_6)
FN:52,(anonymous_7)
FN:53,(anonymous_8)
FN:60,(anonymous_9)
FN:61,(anonymous_10)
FN:64,(anonymous_11)
FN:68,(anonymous_12)
FN:72,(anonymous_13)
FN:73,(anonymous_14)
FN:76,(anonymous_15)
FN:77,(anonymous_16)
FN:80,(anonymous_17)
FN:81,(anonymous_18)
FN:84,(anonymous_19)
FN:88,(anonymous_20)
FN:92,(anonymous_21)
FN:96,(anonymous_22)
FN:97,(anonymous_23)
FN:100,(anonymous_24)
FN:101,(anonymous_25)
FN:104,(anonymous_26)
FN:108,(anonymous_27)
FN:109,(anonymous_28)
FN:112,(anonymous_29)
FN:113,(anonymous_30)
FN:116,(anonymous_31)
FN:117,(anonymous_32)
FN:120,(anonymous_33)
FN:121,(anonymous_34)
FN:121,(anonymous_35)
FN:124,(anonymous_36)
FN:129,(anonymous_37)
FN:129,(anonymous_38)
FN:132,(anonymous_39)
FN:136,(anonymous_40)
FN:137,(anonymous_41)
FN:140,(anonymous_42)
FN:141,(anonymous_43)
FN:141,(anonymous_44)
FN:144,(anonymous_45)
FN:149,(anonymous_46)
FN:149,(anonymous_47)
FNF:48
FNH:48
FNDA:1,(anonymous_0)
FNDA:1,(anonymous_1)
FNDA:1,(anonymous_2)
FNDA:4,(anonymous_3)
FNDA:1,(anonymous_4)
FNDA:1,(anonymous_5)
FNDA:3,(anonymous_6)
FNDA:1,(anonymous_7)
FNDA:3,(anonymous_8)
FNDA:1,(anonymous_9)
FNDA:8,(anonymous_10)
FNDA:1,(anonymous_11)
FNDA:1,(anonymous_12)
FNDA:1,(anonymous_13)
FNDA:3,(anonymous_14)
FNDA:1,(anonymous_15)
FNDA:3,(anonymous_16)
FNDA:1,(anonymous_17)
FNDA:6,(anonymous_18)
FNDA:2,(anonymous_19)
FNDA:2,(anonymous_20)
FNDA:1,(anonymous_21)
FNDA:1,(anonymous_22)
FNDA:5,(anonymous_23)
FNDA:1,(anonymous_24)
FNDA:5,(anonymous_25)
FNDA:1,(anonymous_26)
FNDA:1,(anonymous_27)
FNDA:5,(anonymous_28)
FNDA:1,(anonymous_29)
FNDA:6,(anonymous_30)
FNDA:1,(anonymous_31)
FNDA:3,(anonymous_32)
FNDA:1,(anonymous_33)
FNDA:3,(anonymous_34)
FNDA:4,(anonymous_35)
FNDA:1,(anonymous_36)
FNDA:3,(anonymous_37)
FNDA:6,(anonymous_38)
FNDA:1,(anonymous_39)
FNDA:1,(anonymous_40)
FNDA:4,(anonymous_41)
FNDA:1,(anonymous_42)
FNDA:4,(anonymous_43)
FNDA:7,(anonymous_44)
FNDA:1,(anonymous_45)
FNDA:4,(anonymous_46)
FNDA:8,(anonymous_47)
DA:1,1
DA:2,1
DA:3,1
DA:4,1
DA:5,0
DA:9,1
DA:10,1
DA:11,4
DA:12,5
DA:13,3
DA:15,0
DA:19,1
DA:20,1
DA:48,1
DA:49,3
DA:52,1
DA:53,3
DA:60,1
DA:61,8
DA:64,1
DA:65,1
DA:68,1
DA:69,1
DA:72,1
DA:73,3
DA:76,1
DA:77,3
DA:80,1
DA:81,6
DA:84,1
DA:85,2
DA:88,1
DA:89,2
DA:92,1
DA:93,1
DA:96,1
DA:97,5
DA:100,1
DA:101,5
DA:104,1
DA:105,1
DA:108,1
DA:109,5
DA:112,1
DA:113,6
DA:116,1
DA:117,3
DA:120,1
DA:121,4
DA:124,1
DA:129,6
DA:132,1
DA:133,1
DA:136,1
DA:137,4
DA:140,1
DA:141,7
DA:144,1
DA:149,8
LF:59
LH:57
BRDA:1,0,0,0
BRDA:3,1,0,0
BRDA:3,2,0,0
BRDA:3,2,1,0
BRDA:4,3,0,1
BRDA:4,4,0,1
BRDA:4,4,1,0
BRDA:12,5,0,2
BRDA:12,6,0,2
BRDA:12,6,1,0
BRDA:13,7,0,2
BRDA:13,8,0,2
BRDA:13,8,1,0
BRDA:49,9,0,1
BRDA:49,9,1,2
BRDA:53,10,0,1
BRDA:53,10,1,2
BRF:17
BRH:10
end_of_record
TN:
SF:src/stringUtils.ts
FN:5,(anonymous_0)
FN:10,(anonymous_1)
FN:11,(anonymous_2)
FN:14,(anonymous_3)
FN:21,(anonymous_4)
FN:28,(anonymous_5)
FN:32,(anonymous_6)
FN:33,(anonymous_7)
FN:36,(anonymous_8)
FN:37,(anonymous_9)
FN:40,(anonymous_10)
FN:44,(anonymous_11)
FN:49,(anonymous_12)
FN:53,(anonymous_13)
FN:57,(anonymous_14)
FN:61,(anonymous_15)
FN:70,(anonymous_16)
FN:75,(anonymous_17)
FN:79,(anonymous_18)
FN:82,(anonymous_19)
FN:86,(anonymous_20)
FN:91,(anonymous_21)
FN:100,(anonymous_22)
FN:113,(anonymous_23)
FN:124,(anonymous_24)
FN:130,(anonymous_25)
FN:136,(anonymous_26)
FN:140,(anonymous_27)
FNF:28
FNH:28
FNDA:5,(anonymous_0)
FNDA:6,(anonymous_1)
FNDA:5,(anonymous_2)
FNDA:6,(anonymous_3)
FNDA:6,(anonymous_4)
FNDA:5,(anonymous_5)
FNDA:4,(anonymous_6)
FNDA:5,(anonymous_7)
FNDA:4,(anonymous_8)
FNDA:9,(anonymous_9)
FNDA:5,(anonymous_10)
FNDA:5,(anonymous_11)
FNDA:5,(anonymous_12)
FNDA:5,(anonymous_13)
FNDA:10,(anonymous_14)
FNDA:5,(anonymous_15)
FNDA:5,(anonymous_16)
FNDA:6,(anonymous_17)
FNDA:11,(anonymous_18)
FNDA:8,(anonymous_19)
FNDA:7,(anonymous_20)
FNDA:7,(anonymous_21)
FNDA:6,(anonymous_22)
FNDA:4,(anonymous_23)
FNDA:2,(anonymous_24)
FNDA:2,(anonymous_25)
FNDA:4,(anonymous_26)
FNDA:5,(anonymous_27)
DA:5,1
DA:6,5
DA:7,4
DA:10,1
DA:11,6
DA:14,1
DA:15,6
DA:21,1
DA:22,6
DA:28,1
DA:29,5
DA:32,4
DA:33,5
DA:36,1
DA:37,9
DA:40,1
DA:41,5
DA:44,1
DA:45,5
DA:46,3
DA:49,1
DA:50,5
DA:53,1
DA:54,5
DA:57,1
DA:58,10
DA:61,1
DA:62,5
DA:70,1
DA:71,5
DA:72,5
DA:75,1
DA:76,6
DA:79,11
DA:82,1
DA:83,8
DA:86,1
DA:87,7
DA:88,7
DA:91,1
DA:92,7
DA:93,7
DA:94,4
DA:96,3
DA:100,1
DA:106,6
DA:107,5
DA:108,5
DA:109,5
DA:110,5
DA:113,1
DA:117,4
DA:118,4
DA:119,40
DA:121,4
DA:124,1
DA:125,2
DA:126,2
DA:127,2
DA:130,1
DA:131,2
DA:132,2
DA:133,2
DA:136,1
DA:137,4
DA:140,1
DA:141,5
DA:142,4
DA:143,4
LF:69
LH:69
BRDA:6,0,0,1
BRDA:44,1,0,3
BRDA:45,2,0,2
BRDA:49,3,0,3
BRDA:53,4,0,3
BRDA:72,5,0,3
BRDA:72,5,1,2
BRDA:82,6,0,4
BRDA:83,7,0,4
BRDA:83,7,1,4
BRDA:102,8,0,3
BRDA:103,9,0,3
BRDA:104,10,0,3
BRDA:106,11,0,1
BRDA:115,12,0,3
BRDA:133,13,0,2
BRDA:133,13,1,0
BRDA:133,13,2,0
BRDA:140,14,0,4
BRDA:141,15,0,1
BRF:20
BRH:18
end_of_record
TN:
SF:src/urlUtils.ts
FN:5,(anonymous_0)
FN:13,(anonymous_1)
FN:17,(anonymous_2)
FN:22,(anonymous_3)
FN:29,(anonymous_4)
FN:33,(anonymous_5)
FN:40,(anonymous_6)
FN:44,(anonymous_7)
FN:51,(anonymous_8)
FN:58,(anonymous_9)
FN:65,(anonymous_10)
FN:73,(anonymous_11)
FN:78,(anonymous_12)
FN:83,(anonymous_13)
FN:88,(anonymous_14)
FN:93,(anonymous_15)
FN:98,(anonymous_16)
FN:127,(anonymous_17)
FN:129,(anonymous_18)
FN:130,(anonymous_19)
FN:134,(anonymous_20)
FN:138,(anonymous_21)
FN:142,(anonymous_22)
FN:154,(anonymous_23)
FN:163,(anonymous_24)
FN:172,(anonymous_25)
FN:177,(anonymous_26)
FN:185,(anonymous_27)
FN:193,(anonymous_28)
FN:195,(anonymous_29)
FN:203,(anonymous_30)
FN:209,(anonymous_31)
FN:219,(anonymous_32)
FN:231,(anonymous_33)
FN:245,(anonymous_34)
FN:253,(anonymous_35)
FN:261,(anonymous_36)
FNF:37
FNH:37
FNDA:117,(anonymous_0)
FNDA:5,(anonymous_1)
FNDA:4,(anonymous_2)
FNDA:3,(anonymous_3)
FNDA:3,(anonymous_4)
FNDA:3,(anonymous_5)
FNDA:3,(anonymous_6)
FNDA:3,(anonymous_7)
FNDA:4,(anonymous_8)
FNDA:4,(anonymous_9)
FNDA:3,(anonymous_10)
FNDA:4,(anonymous_11)
FNDA:4,(anonymous_12)
FNDA:4,(anonymous_13)
FNDA:4,(anonymous_14)
FNDA:4,(anonymous_15)
FNDA:3,(anonymous_16)
FNDA:5,(anonymous_17)
FNDA:13,(anonymous_18)
FNDA:13,(anonymous_19)
FNDA:14,(anonymous_20)
FNDA:5,(anonymous_21)
FNDA:3,(anonymous_22)
FNDA:5,(anonymous_23)
FNDA:5,(anonymous_24)
FNDA:4,(anonymous_25)
FNDA:3,(anonymous_26)
FNDA:3,(anonymous_27)
FNDA:2,(anonymous_28)
FNDA:4,(anonymous_29)
FNDA:5,(anonymous_30)
FNDA:9,(anonymous_31)
FNDA:34,(anonymous_32)
FNDA:3,(anonymous_33)
FNDA:14,(anonymous_34)
FNDA:7,(anonymous_35)
FNDA:7,(anonymous_36)
DA:5,2
DA:6,117
DA:7,117
DA:9,26
DA:13,2
DA:14,5
DA:17,2
DA:18,4
DA:19,4
DA:21,3
DA:22,3
DA:23,3
DA:26,3
DA:29,2
DA:30,3
DA:31,3
DA:33,2
DA:34,3
DA:37,2
DA:40,2
DA:41,3
DA:42,3
DA:44,2
DA:45,3
DA:48,2
DA:51,2
DA:52,4
DA:53,4
DA:55,3
DA:58,2
DA:59,4
DA:60,4
DA:62,3
DA:65,2
DA:66,3
DA:67,3
DA:69,2
DA:70,2
DA:73,2
DA:74,4
DA:75,4
DA:78,2
DA:79,4
DA:80,4
DA:83,2
DA:84,4
DA:85,4
DA:88,2
DA:89,4
DA:90,4
DA:93,2
DA:94,4
DA:95,4
DA:98,2
DA:106,3
DA:108,3
DA:109,1
DA:112,3
DA:113,1
DA:116,3
DA:117,1
DA:120,3
DA:121,1
DA:124,3
DA:127,2
DA:128,5
DA:129,13
DA:130,13
DA:134,2
DA:135,14
DA:138,2
DA:139,5
DA:142,2
DA:143,3
DA:144,1
DA:147,2
DA:148,2
DA:150,1
DA:154,2
DA:155,5
DA:156,5
DA:158,5
DA:160,3
DA:163,2
DA:164,5
DA:165,5
DA:167,5
DA:169,3
DA:172,2
DA:173,4
DA:174,4
DA:177,2
DA:178,3
DA:179,3
DA:181,2
DA:182,2
DA:185,2
DA:186,3
DA:187,3
DA:189,2
DA:190,2
DA:193,2
DA:194,2
DA:196,4
DA:197,4
DA:198,4
DA:203,2
DA:204,5
DA:205,5
DA:207,5
DA:209,3
DA:210,9
DA:211,9
DA:212,8
DA:216,3
DA:219,2
DA:220,34
DA:221,34
DA:223,32
DA:224,32
DA:226,32
DA:228,26
DA:231,2
DA:232,3
DA:233,3
DA:235,2
DA:236,2
DA:238,2
DA:239,1
DA:242,2
DA:245,2
DA:246,14
DA:247,14
DA:249,11
DA:250,11
DA:253,2
DA:254,7
DA:255,7
DA:257,6
DA:258,6
DA:261,2
DA:262,7
DA:263,7
DA:265,6
DA:266,6
LF:145
LH:145
BRDA:19,0,0,1
BRDA:31,1,0,1
BRDA:42,2,0,1
BRDA:53,3,0,1
BRDA:60,4,0,1
BRDA:67,5,0,1
BRDA:75,6,0,3
BRDA:75,6,1,1
BRDA:80,7,0,3
BRDA:80,7,1,1
BRDA:85,8,0,3
BRDA:85,8,1,1
BRDA:90,9,0,3
BRDA:90,9,1,1
BRDA:95,10,0,3
BRDA:95,10,1,1
BRDA:106,11,0,3
BRDA:106,11,1,2
BRDA:108,12,0,1
BRDA:112,13,0,1
BRDA:116,14,0,1
BRDA:117,15,0,0
BRDA:117,15,1,1
BRDA:120,16,0,1
BRDA:121,17,0,0
BRDA:121,17,1,1
BRDA:143,18,0,1
BRDA:158,19,0,2
BRDA:158,20,0,5
BRDA:158,20,1,4
BRDA:167,21,0,2
BRDA:167,22,0,5
BRDA:167,22,1,4
BRDA:174,23,0,3
BRDA:174,23,1,1
BRDA:179,24,0,1
BRDA:187,25,0,1
BRDA:207,26,0,2
BRDA:211,27,0,8
BRDA:212,28,0,8
BRDA:212,28,1,1
BRDA:221,29,0,2
BRDA:226,30,0,6
BRDA:233,31,0,1
BRDA:238,32,0,1
BRDA:247,33,0,3
BRDA:255,34,0,1
BRDA:263,35,0,1
BRF:48
BRH:46
end_of_record
TN:
SF:src/validationUtils.ts
FN:1,(anonymous_0)
FN:5,(anonymous_1)
FN:9,(anonymous_2)
FN:13,(anonymous_3)
FN:17,(anonymous_4)
FN:21,(anonymous_5)
FN:25,(anonymous_6)
FN:29,(anonymous_7)
FN:33,(anonymous_8)
FN:37,(anonymous_9)
FN:41,(anonymous_10)
FN:45,(anonymous_11)
FN:49,(anonymous_12)
FN:58,(anonymous_13)
FN:63,(anonymous_14)
FN:72,(anonymous_15)
FN:77,(anonymous_16)
FN:83,(anonymous_17)
FN:88,(anonymous_18)
FN:93,(anonymous_19)
FN:107,(anonymous_20)
FN:125,(anonymous_21)
FN:129,(anonymous_22)
FN:137,(anonymous_23)
FN:146,(anonymous_24)
FN:150,(anonymous_25)
FN:154,(anonymous_26)
FN:158,(anonymous_27)
FN:162,(anonymous_28)
FN:166,(anonymous_29)
FN:170,(anonymous_30)
FN:174,(anonymous_31)
FN:182,(anonymous_32)
FN:187,(anonymous_33)
FN:191,(anonymous_34)
FN:195,(anonymous_35)
FN:199,(anonymous_36)
FN:203,(anonymous_37)
FN:207,(anonymous_38)
FN:214,(anonymous_39)
FN:218,(anonymous_40)
FN:224,(anonymous_41)
FNF:42
FNH:42
FNDA:14,(anonymous_0)
FNDA:43,(anonymous_1)
FNDA:4,(anonymous_2)
FNDA:9,(anonymous_3)
FNDA:7,(anonymous_4)
FNDA:4,(anonymous_5)
FNDA:4,(anonymous_6)
FNDA:4,(anonymous_7)
FNDA:18,(anonymous_8)
FNDA:4,(anonymous_9)
FNDA:4,(anonymous_10)
FNDA:4,(anonymous_11)
FNDA:14,(anonymous_12)
FNDA:5,(anonymous_13)
FNDA:5,(anonymous_14)
FNDA:4,(anonymous_15)
FNDA:4,(anonymous_16)
FNDA:3,(anonymous_17)
FNDA:4,(anonymous_18)
FNDA:10,(anonymous_19)
FNDA:12,(anonymous_20)
FNDA:10,(anonymous_21)
FNDA:3,(anonymous_22)
FNDA:6,(anonymous_23)
FNDA:4,(anonymous_24)
FNDA:4,(anonymous_25)
FNDA:4,(anonymous_26)
FNDA:20,(anonymous_27)
FNDA:3,(anonymous_28)
FNDA:5,(anonymous_29)
FNDA:5,(anonymous_30)
FNDA:6,(anonymous_31)
FNDA:5,(anonymous_32)
FNDA:9,(anonymous_33)
FNDA:9,(anonymous_34)
FNDA:11,(anonymous_35)
FNDA:5,(anonymous_36)
FNDA:5,(anonymous_37)
FNDA:10,(anonymous_38)
FNDA:4,(anonymous_39)
FNDA:11,(anonymous_40)
FNDA:5,(anonymous_41)
DA:1,1
DA:2,14
DA:5,1
DA:6,43
DA:9,1
DA:10,4
DA:13,1
DA:14,9
DA:17,1
DA:18,7
DA:21,1
DA:22,4
DA:25,1
DA:26,4
DA:29,1
DA:30,4
DA:33,1
DA:34,18
DA:37,1
DA:38,4
DA:41,1
DA:42,4
DA:45,1
DA:46,4
DA:49,1
DA:50,14
DA:51,10
DA:52,5
DA:53,3
DA:54,1
DA:55,1
DA:58,1
DA:59,5
DA:60,5
DA:63,1
DA:64,5
DA:65,5
DA:66,3
DA:68,2
DA:72,1
DA:73,4
DA:74,4
DA:77,1
DA:78,4
DA:79,4
DA:80,4
DA:83,1
DA:84,3
DA:85,3
DA:88,1
DA:89,4
DA:90,4
DA:93,1
DA:94,10
DA:96,10
DA:97,3
DA:99,7
DA:100,3
DA:104,4
DA:107,1
DA:108,12
DA:117,12
DA:118,7
DA:122,5
DA:125,1
DA:126,10
DA:129,1
DA:130,3
DA:131,3
DA:133,2
DA:137,1
DA:138,6
DA:139,6
DA:140,4
DA:142,2
DA:146,1
DA:147,4
DA:150,1
DA:151,4
DA:154,1
DA:155,4
DA:158,1
DA:159,20
DA:162,1
DA:163,3
DA:166,1
DA:167,5
DA:170,1
DA:171,5
DA:174,1
DA:175,6
DA:176,4
DA:177,4
DA:179,3
DA:182,1
DA:183,5
DA:184,5
DA:187,1
DA:188,9
DA:191,1
DA:192,9
DA:195,1
DA:196,11
DA:199,1
DA:200,5
DA:203,1
DA:204,5
DA:207,1
DA:208,10
DA:209,10
DA:210,7
DA:211,5
DA:214,1
DA:215,4
DA:218,1
DA:220,11
DA:221,11
DA:224,1
DA:225,5
LF:119
LH:119
BRDA:6,0,0,43
BRDA:6,0,1,43
BRDA:18,1,0,7
BRDA:18,1,1,6
BRDA:18,1,2,5
BRDA:38,2,0,4
BRDA:38,2,1,2
BRDA:50,3,0,4
BRDA:51,4,0,5
BRDA:52,5,0,2
BRDA:53,6,0,2
BRDA:54,7,0,0
BRDA:54,8,0,1
BRDA:54,8,1,1
BRDA:80,9,0,4
BRDA:80,9,1,2
BRDA:96,10,0,3
BRDA:99,11,0,3
BRDA:117,12,0,7
BRDA:117,13,0,12
BRDA:117,13,1,7
BRDA:147,14,0,4
BRDA:147,14,1,4
BRDA:151,15,0,4
BRDA:151,15,1,4
BRDA:155,16,0,4
BRDA:155,16,1,4
BRDA:159,17,0,20
BRDA:159,17,1,20
BRDA:163,18,0,3
BRDA:163,18,1,3
BRDA:167,19,0,5
BRDA:167,19,1,4
BRDA:171,20,0,5
BRDA:171,20,1,4
BRDA:175,21,0,2
BRDA:175,22,0,6
BRDA:175,22,1,6
BRDA:177,23,0,1
BRDA:182,24,0,5
BRDA:183,25,0,0
BRDA:184,26,0,5
BRDA:184,26,1,0
BRDA:184,27,0,5
BRDA:184,27,1,4
BRDA:184,28,0,0
BRDA:184,28,1,0
BRDA:196,29,0,11
BRDA:196,29,1,7
BRDA:209,30,0,3
BRDA:209,31,0,10
BRDA:209,31,1,9
BRDA:210,32,0,2
BRDA:210,33,0,7
BRDA:210,33,1,4
BRF:55
BRH:50
end_of_record
TN:
SF:src/dateUtils/dateUtils.ts
FN:3,(anonymous_0)
FN:59,(anonymous_1)
FN:65,(anonymous_2)
FN:69,(anonymous_3)
FN:74,(anonymous_4)
FN:79,(anonymous_5)
FN:83,(anonymous_6)
FN:87,(anonymous_7)
FN:91,(anonymous_8)
FN:95,(anonymous_9)
FN:99,(anonymous_10)
FN:104,(anonymous_11)
FN:109,(anonymous_12)
FN:120,(anonymous_13)
FN:130,(anonymous_14)
FN:139,(anonymous_15)
FN:140,(anonymous_16)
FN:143,(anonymous_17)
FN:144,(anonymous_18)
FN:147,(anonymous_19)
FN:148,(anonymous_20)
FN:151,(anonymous_21)
FN:152,(anonymous_22)
FN:155,(anonymous_23)
FN:156,(anonymous_24)
FN:159,(anonymous_25)
FN:165,(anonymous_26)
FN:171,(anonymous_27)
FN:177,(anonymous_28)
FN:183,(anonymous_29)
FN:189,(anonymous_30)
FN:195,(anonymous_31)
FN:201,(anonymous_32)
FN:209,(anonymous_33)
FN:215,(anonymous_34)
FN:221,(anonymous_35)
FN:227,(anonymous_36)
FN:233,(anonymous_37)
FN:239,(anonymous_38)
FN:243,(anonymous_39)
FN:251,(anonymous_40)
FN:259,(anonymous_41)
FN:264,(anonymous_42)
FN:269,(anonymous_43)
FN:274,(anonymous_44)
FN:280,(anonymous_45)
FN:284,(anonymous_46)
FN:295,(anonymous_47)
FN:317,(anonymous_48)
FN:322,(anonymous_49)
FN:326,(anonymous_50)
FN:330,(anonymous_51)
FN:334,(anonymous_52)
FN:338,(anonymous_53)
FN:350,(anonymous_54)
FN:356,(anonymous_55)
FN:364,(anonymous_56)
FN:370,(anonymous_57)
FN:374,(anonymous_58)
FN:378,(anonymous_59)
FN:382,(anonymous_60)
FN:386,(anonymous_61)
FN:390,(anonymous_62)
FN:394,(anonymous_63)
FN:398,(anonymous_64)
FN:402,(anonymous_65)
FN:406,(anonymous_66)
FN:410,(anonymous_67)
FN:414,(anonymous_68)
FN:418,(anonymous_69)
FN:422,(anonymous_70)
FN:426,(anonymous_71)
FN:430,(anonymous_72)
FN:434,(anonymous_73)
FN:438,(anonymous_74)
FN:442,(anonymous_75)
FN:446,(anonymous_76)
FN:450,(anonymous_77)
FN:454,(anonymous_78)
FN:458,(anonymous_79)
FN:462,(anonymous_80)
FN:466,(anonymous_81)
FN:470,(anonymous_82)
FN:474,(anonymous_83)
FNF:84
FNH:84
FNDA:10,(anonymous_0)
FNDA:10,(anonymous_1)
FNDA:4,(anonymous_2)
FNDA:1,(anonymous_3)
FNDA:2,(anonymous_4)
FNDA:2,(anonymous_5)
FNDA:8,(anonymous_6)
FNDA:4,(anonymous_7)
FNDA:1,(anonymous_8)
FNDA:1,(anonymous_9)
FNDA:15,(anonymous_10)
FNDA:14,(anonymous_11)
FNDA:10,(anonymous_12)
FNDA:10,(anonymous_13)
FNDA:1,(anonymous_14)
FNDA:1,(anonymous_15)
FNDA:12,(anonymous_16)
FNDA:1,(anonymous_17)
FNDA:12,(anonymous_18)
FNDA:1,(anonymous_19)
FNDA:7,(anonymous_20)
FNDA:1,(anonymous_21)
FNDA:7,(anonymous_22)
FNDA:1,(anonymous_23)
FNDA:6,(anonymous_24)
FNDA:1,(anonymous_25)
FNDA:1,(anonymous_26)
FNDA:1,(anonymous_27)
FNDA:1,(anonymous_28)
FNDA:1,(anonymous_29)
FNDA:10,(anonymous_30)
FNDA:5,(anonymous_31)
FNDA:6,(anonymous_32)
FNDA:1,(anonymous_33)
FNDA:1,(anonymous_34)
FNDA:1,(anonymous_35)
FNDA:1,(anonymous_36)
FNDA:1,(anonymous_37)
FNDA:3,(anonymous_38)
FNDA:1,(anonymous_39)
FNDA:1,(anonymous_40)
FNDA:1,(anonymous_41)
FNDA:1,(anonymous_42)
FNDA:1,(anonymous_43)
FNDA:1,(anonymous_44)
FNDA:1,(anonymous_45)
FNDA:3,(anonymous_46)
FNDA:7,(anonymous_47)
FNDA:1,(anonymous_48)
FNDA:3,(anonymous_49)
FNDA:1,(anonymous_50)
FNDA:1,(anonymous_51)
FNDA:1,(anonymous_52)
FNDA:3,(anonymous_53)
FNDA:1,(anonymous_54)
FNDA:1,(anonymous_55)
FNDA:2,(anonymous_56)
FNDA:2,(anonymous_57)
FNDA:2,(anonymous_58)
FNDA:2,(anonymous_59)
FNDA:2,(anonymous_60)
FNDA:2,(anonymous_61)
FNDA:2,(anonymous_62)
FNDA:2,(anonymous_63)
FNDA:2,(anonymous_64)
FNDA:2,(anonymous_65)
FNDA:2,(anonymous_66)
FNDA:6,(anonymous_67)
FNDA:1,(anonymous_68)
FNDA:4,(anonymous_69)
FNDA:2,(anonymous_70)
FNDA:2,(anonymous_71)
FNDA:2,(anonymous_72)
FNDA:2,(anonymous_73)
FNDA:2,(anonymous_74)
FNDA:2,(anonymous_75)
FNDA:2,(anonymous_76)
FNDA:2,(anonymous_77)
FNDA:2,(anonymous_78)
FNDA:2,(anonymous_79)
FNDA:2,(anonymous_80)
FNDA:2,(anonymous_81)
FNDA:2,(anonymous_82)
FNDA:2,(anonymous_83)
DA:3,1
DA:4,10
DA:6,10
DA:8,1
DA:9,1
DA:10,1
DA:11,1
DA:13,1
DA:14,1
DA:15,1
DA:16,1
DA:18,1
DA:19,1
DA:20,1
DA:21,1
DA:23,1
DA:24,1
DA:25,1
DA:26,1
DA:28,1
DA:29,1
DA:30,1
DA:31,1
DA:33,1
DA:34,1
DA:35,1
DA:36,1
DA:38,1
DA:39,1
DA:40,1
DA:41,1
DA:43,1
DA:44,1
DA:45,1
DA:46,1
DA:48,1
DA:49,1
DA:50,1
DA:51,1
DA:54,1
DA:56,9
DA:59,1
DA:60,10
DA:61,10
DA:62,10
DA:65,1
DA:66,4
DA:69,1
DA:70,1
DA:71,1
DA:74,1
DA:75,2
DA:76,2
DA:79,1
DA:80,2
DA:83,1
DA:84,8
DA:87,1
DA:88,4
DA:91,1
DA:92,1
DA:95,1
DA:96,1
DA:99,1
DA:101,15
DA:104,1
DA:106,14
DA:109,1
DA:112,10
DA:113,10
DA:114,10
DA:115,10
DA:117,10
DA:120,1
DA:122,10
DA:123,10
DA:124,10
DA:125,10
DA:127,10
DA:130,1
DA:131,1
DA:132,1
DA:133,1
DA:134,31
DA:136,1
DA:139,1
DA:140,12
DA:143,1
DA:144,12
DA:147,1
DA:148,7
DA:151,1
DA:152,7
DA:155,1
DA:156,6
DA:159,1
DA:160,1
DA:161,1
DA:162,1
DA:165,1
DA:166,1
DA:167,1
DA:168,1
DA:171,1
DA:172,1
DA:173,1
DA:174,1
DA:177,1
DA:178,1
DA:179,1
DA:180,1
DA:183,1
DA:184,1
DA:185,1
DA:186,1
DA:189,1
DA:190,10
DA:191,10
DA:192,10
DA:195,1
DA:196,5
DA:197,5
DA:198,5
DA:201,1
DA:202,6
DA:203,6
DA:204,6
DA:205,6
DA:206,6
DA:209,1
DA:210,1
DA:211,1
DA:212,1
DA:215,1
DA:216,1
DA:217,1
DA:218,1
DA:221,1
DA:222,1
DA:223,1
DA:224,1
DA:227,1
DA:228,1
DA:229,1
DA:230,1
DA:233,1
DA:234,1
DA:235,1
DA:236,1
DA:239,1
DA:240,3
DA:243,1
DA:244,1
DA:245,1
DA:246,1
DA:247,1
DA:248,1
DA:251,1
DA:252,1
DA:253,1
DA:254,1
DA:255,1
DA:256,1
DA:259,1
DA:260,1
DA:261,1
DA:264,1
DA:265,1
DA:266,1
DA:269,1
DA:270,1
DA:271,1
DA:274,1
DA:275,1
DA:276,1
DA:277,1
DA:280,1
DA:281,1
DA:284,1
DA:285,3
DA:286,3
DA:288,3
DA:289,2
DA:292,3
DA:295,1
DA:296,7
DA:297,7
DA:298,7
DA:299,7
DA:300,7
DA:301,7
DA:302,7
DA:303,7
DA:304,7
DA:306,7
DA:308,7
DA:309,6
DA:310,5
DA:311,4
DA:312,3
DA:313,2
DA:314,1
DA:317,1
DA:318,1
DA:319,1
DA:322,1
DA:323,3
DA:326,1
DA:327,1
DA:330,1
DA:331,1
DA:334,1
DA:335,1
DA:338,1
DA:339,3
DA:340,3
DA:341,3
DA:342,3
DA:343,3
DA:344,3
DA:345,3
DA:347,3
DA:350,1
DA:351,1
DA:352,1
DA:353,1
DA:356,1
DA:357,1
DA:358,1
DA:359,1
DA:360,1
DA:361,1
DA:364,1
DA:365,2
DA:366,2
DA:367,2
DA:370,1
DA:371,2
DA:374,1
DA:375,2
DA:378,1
DA:379,2
DA:382,1
DA:383,2
DA:386,1
DA:387,2
DA:390,1
DA:391,2
DA:394,1
DA:395,2
DA:398,1
DA:399,2
DA:402,1
DA:403,2
DA:406,1
DA:407,2
DA:410,1
DA:411,6
DA:414,1
DA:415,1
DA:418,1
DA:419,4
DA:422,1
DA:423,2
DA:426,1
DA:427,2
DA:430,1
DA:431,2
DA:434,1
DA:435,2
DA:438,1
DA:439,2
DA:442,1
DA:443,2
DA:446,1
DA:447,2
DA:450,1
DA:451,2
DA:454,1
DA:455,2
DA:458,1
DA:459,2
DA:462,1
DA:463,2
DA:466,1
DA:467,2
DA:470,1
DA:471,2
DA:474,1
DA:475,2
LF:290
LH:290
BRDA:3,0,0,10
BRDA:6,1,0,1
BRDA:6,1,1,1
BRDA:6,1,2,1
BRDA:6,1,3,1
BRDA:6,1,4,1
BRDA:6,1,5,1
BRDA:6,1,6,1
BRDA:6,1,7,1
BRDA:6,1,8,1
BRDA:6,1,9,1
BRDA:76,2,0,2
BRDA:76,2,1,1
BRDA:80,3,0,2
BRDA:80,3,1,1
BRDA:80,3,2,0
BRDA:99,4,0,3
BRDA:104,5,0,2
BRDA:109,6,0,3
BRDA:113,7,0,2
BRDA:113,7,1,8
BRDA:120,8,0,3
BRDA:123,9,0,2
BRDA:123,9,1,8
BRDA:139,10,0,1
BRDA:143,11,0,1
BRDA:147,12,0,1
BRDA:151,13,0,1
BRDA:201,14,0,5
BRDA:204,15,0,4
BRDA:204,15,1,2
BRDA:209,16,0,1
BRDA:284,17,0,3
BRDA:288,18,0,2
BRDA:288,19,0,3
BRDA:288,19,1,1
BRDA:288,19,2,0
BRDA:295,20,0,7
BRDA:308,21,0,1
BRDA:309,22,0,1
BRDA:310,23,0,1
BRDA:311,24,0,1
BRDA:312,25,0,1
BRDA:313,26,0,1
BRDA:319,27,0,0
BRDA:319,27,1,1
BRDA:323,28,0,3
BRDA:323,28,1,2
BRDA:344,29,0,3
BRDA:371,30,0,2
BRDA:371,30,1,2
BRDA:407,31,0,2
BRDA:407,31,1,1
BRDA:411,32,0,6
BRDA:411,32,1,2
BRF:55
BRH:52
end_of_record
